<?xml version="1.0" encoding="UTF-8"?>
<!-- Generated by org.testng.reporters.JUnitReportReporter -->
<testsuite hostname="LAPTOP-6CVVFDTM" failures="0" tests="3" name="com.TestngFeatures.Simple_annotations" time="0.024" errors="0" timestamp="2022-02-24T11:27:44 IST" skipped="0">
  <testcase classname="com.TestngFeatures.Simple_annotations" name="men" time="0.004"/>
  <system-out/>
  <testcase classname="com.TestngFeatures.Simple_annotations" name="kids" time="0.010"/>
  <system-out/>
  <testcase classname="com.TestngFeatures.Simple_annotations" name="women" time="0.010"/>
  <system-out/>
</testsuite> <!-- com.TestngFeatures.Simple_annotations -->
