<?xml version="1.0" encoding="UTF-8"?>
<!-- Generated by org.testng.reporters.JUnitReportReporter -->
<testsuite hostname="LAPTOP-6CVVFDTM" failures="0" tests="3" name="com.TestngFeatures.Dataprovider_Concept" time="0.016" errors="0" timestamp="2022-02-24T17:13:59 IST" skipped="0">
  <testcase classname="com.TestngFeatures.Dataprovider_Concept" name="credentials" time="0.003"/>
  <system-out/>
  <testcase classname="com.TestngFeatures.Dataprovider_Concept" name="credentials" time="0.009"/>
  <system-out/>
  <testcase classname="com.TestngFeatures.Dataprovider_Concept" name="credentials" time="0.004"/>
  <system-out/>
</testsuite> <!-- com.TestngFeatures.Dataprovider_Concept -->
