<?xml version="1.0" encoding="UTF-8"?>
<!-- Generated by org.testng.reporters.JUnitReportReporter -->
<testsuite hostname="LAPTOP-6CVVFDTM" failures="0" tests="3" name="com.TestngFeatures.Grouping_Concept" time="0.025" errors="0" timestamp="2022-02-24T13:33:15 IST" skipped="0">
  <testcase classname="com.TestngFeatures.Grouping_Concept" name="Test7" time="0.002"/>
  <system-out/>
  <testcase classname="com.TestngFeatures.Grouping_Concept" name="Test5" time="0.011"/>
  <system-out/>
  <testcase classname="com.TestngFeatures.Grouping_Concept" name="Test6" time="0.012"/>
  <system-out/>
</testsuite> <!-- com.TestngFeatures.Grouping_Concept -->
