<?xml version="1.0" encoding="UTF-8"?>
<!-- Generated by org.testng.reporters.JUnitReportReporter -->
<testsuite hostname="LAPTOP-6CVVFDTM" failures="0" tests="1" name="com.TestngFeatures.Soft_Assert_Concept" time="0.022" errors="0" timestamp="2022-02-24T17:30:42 IST" skipped="0">
  <testcase classname="com.TestngFeatures.Soft_Assert_Concept" name="demo_password" time="0.022"/>
  <system-out/>
</testsuite> <!-- com.TestngFeatures.Soft_Assert_Concept -->
