<?xml version="1.0" encoding="UTF-8"?>
<!-- Generated by org.testng.reporters.JUnitReportReporter -->
<testsuite hostname="LAPTOP-6CVVFDTM" failures="0" tests="1" name="com.TestngFeatures.Expected_Exceptions_Concept" time="0.022" errors="0" timestamp="2022-02-24T17:06:17 IST" skipped="0">
  <testcase classname="com.TestngFeatures.Expected_Exceptions_Concept" name="demo" time="0.022"/>
  <system-out/>
</testsuite> <!-- com.TestngFeatures.Expected_Exceptions_Concept -->
