<?xml version="1.0" encoding="UTF-8"?>
<!-- Generated by org.testng.reporters.JUnitReportReporter -->
<testsuite hostname="LAPTOP-6CVVFDTM" failures="0" tests="2" name="com.TestngFeatures.Parallel_Testing" time="0.013" errors="0" timestamp="2022-02-24T17:16:46 IST" skipped="0">
  <testcase classname="com.TestngFeatures.Parallel_Testing" name="facebook" time="0.011"/>
  <system-out/>
  <testcase classname="com.TestngFeatures.Parallel_Testing" name="instagram" time="0.002"/>
  <system-out/>
</testsuite> <!-- com.TestngFeatures.Parallel_Testing -->
