<?xml version="1.0" encoding="UTF-8"?>
<!-- Generated by org.testng.reporters.JUnitReportReporter -->
<testsuite hostname="LAPTOP-6CVVFDTM" failures="0" tests="5" name="com.TestngFeatures.Priority_Concept" time="0.020" errors="0" timestamp="2022-02-24T11:36:10 IST" skipped="0">
  <testcase classname="com.TestngFeatures.Priority_Concept" name="women" time="0.011"/>
  <system-out/>
  <testcase classname="com.TestngFeatures.Priority_Concept" name="men" time="0.002"/>
  <system-out/>
  <testcase classname="com.TestngFeatures.Priority_Concept" name="kids" time="0.003"/>
  <system-out/>
  <testcase classname="com.TestngFeatures.Priority_Concept" name="men" time="0.002"/>
  <system-out/>
  <testcase classname="com.TestngFeatures.Priority_Concept" name="men" time="0.002"/>
  <system-out/>
</testsuite> <!-- com.TestngFeatures.Priority_Concept -->
