<?xml version="1.0" encoding="UTF-8"?>
<!-- Generated by org.testng.reporters.JUnitReportReporter -->
<testsuite hostname="LAPTOP-6CVVFDTM" failures="0" tests="2" name="com.TestngFeatures.Dependency_Concept" time="0.012" errors="0" timestamp="2022-02-24T15:52:42 IST" skipped="0">
  <testcase classname="com.TestngFeatures.Dependency_Concept" name="teachers" time="0.002"/>
  <system-out/>
  <testcase classname="com.TestngFeatures.Dependency_Concept" name="principal" time="0.010"/>
  <system-out/>
</testsuite> <!-- com.TestngFeatures.Dependency_Concept -->
