<?xml version="1.0" encoding="UTF-8"?>
<!-- Generated by org.testng.reporters.JUnitReportReporter -->
<testsuite hostname="LAPTOP-6CVVFDTM" failures="0" tests="1" name="com.TestngFeatures.Timeout_Concept" time="6.036" errors="0" timestamp="2022-02-24T15:58:44 IST" skipped="0">
  <testcase classname="com.TestngFeatures.Timeout_Concept" name="login" time="6.036"/>
  <system-out/>
</testsuite> <!-- com.TestngFeatures.Timeout_Concept -->
