<?xml version="1.0" encoding="UTF-8"?>
<!-- Generated by org.testng.reporters.JUnitReportReporter -->
<testsuite hostname="LAPTOP-6CVVFDTM" failures="0" tests="4" name="com.TestngFeatures.Ignore_Concept" time="0.018" errors="0" timestamp="2022-02-24T11:55:36 IST" skipped="1">
  <testcase classname="com.TestngFeatures.Ignore_Concept" name="Orange" time="0.005"/>
  <system-out/>
  <testcase classname="com.TestngFeatures.Ignore_Concept" name="Green" time="0.002"/>
  <system-out/>
  <testcase classname="com.TestngFeatures.Ignore_Concept" name="Blue" time="0.011"/>
  <system-out/>
  <testcase classname="com.TestngFeatures.Ignore_Concept" name="Black">
    <skipped/>
  </testcase> <!-- Black -->
  <system-out/>
</testsuite> <!-- com.TestngFeatures.Ignore_Concept -->
